(node:592485) UnhandledPromiseRejectionWarning: TypeError: occupation.trim is not a function
    at exports.completeProfile (/home3/sojonews/backend.sojonews.com/controllers/user/profile.controller.js:34:41)
    at Layer.handle [as handle_request] (/home3/sojonews/nodevenv/backend.sojonews.com/14/lib/node_modules/express/lib/router/layer.js:95:5)
    at next (/home3/sojonews/nodevenv/backend.sojonews.com/14/lib/node_modules/express/lib/router/route.js:144:13)
    at exports.isUser (/home3/sojonews/backend.sojonews.com/middlewares/role.js:12:5)
    at Layer.handle [as handle_request] (/home3/sojonews/nodevenv/backend.sojonews.com/14/lib/node_modules/express/lib/router/layer.js:95:5)
    at next (/home3/sojonews/nodevenv/backend.sojonews.com/14/lib/node_modules/express/lib/router/route.js:144:13)
    at complete (/home3/sojonews/nodevenv/backend.sojonews.com/14/lib/node_modules/passport/lib/middleware/authenticate.js:271:13)
    at /home3/sojonews/nodevenv/backend.sojonews.com/14/lib/node_modules/passport/lib/middleware/authenticate.js:278:15
    at pass (/home3/sojonews/nodevenv/backend.sojonews.com/14/lib/node_modules/passport/lib/authenticator.js:428:14)
    at Authenticator.transformAuthInfo (/home3/sojonews/nodevenv/backend.sojonews.com/14/lib/node_modules/passport/lib/authenticator.js:450:5)
(Use `node --trace-warnings ...` to show where the warning was created)
(node:592485) UnhandledPromiseRejectionWarning: Unhandled promise rejection. This error originated either by throwing inside of an async function without a catch block, or by rejecting a promise which was not handled with .catch(). To terminate the node process on unhandled promise rejection, use the CLI flag `--unhandled-rejections=strict` (see https://nodejs.org/api/cli.html#cli_unhandled_rejections_mode). (rejection id: 2)
(node:592485) [DEP0018] DeprecationWarning: Unhandled promise rejections are deprecated. In the future, promise rejections that are not handled will terminate the Node.js process with a non-zero exit code.
(node:592485) UnhandledPromiseRejectionWarning: TypeError: occupation.trim is not a function
    at exports.completeProfile (/home3/sojonews/backend.sojonews.com/controllers/user/profile.controller.js:34:41)
    at Layer.handle [as handle_request] (/home3/sojonews/nodevenv/backend.sojonews.com/14/lib/node_modules/express/lib/router/layer.js:95:5)
    at next (/home3/sojonews/nodevenv/backend.sojonews.com/14/lib/node_modules/express/lib/router/route.js:144:13)
    at exports.isUser (/home3/sojonews/backend.sojonews.com/middlewares/role.js:12:5)
    at Layer.handle [as handle_request] (/home3/sojonews/nodevenv/backend.sojonews.com/14/lib/node_modules/express/lib/router/layer.js:95:5)
    at next (/home3/sojonews/nodevenv/backend.sojonews.com/14/lib/node_modules/express/lib/router/route.js:144:13)
    at complete (/home3/sojonews/nodevenv/backend.sojonews.com/14/lib/node_modules/passport/lib/middleware/authenticate.js:271:13)
    at /home3/sojonews/nodevenv/backend.sojonews.com/14/lib/node_modules/passport/lib/middleware/authenticate.js:278:15
    at pass (/home3/sojonews/nodevenv/backend.sojonews.com/14/lib/node_modules/passport/lib/authenticator.js:428:14)
    at Authenticator.transformAuthInfo (/home3/sojonews/nodevenv/backend.sojonews.com/14/lib/node_modules/passport/lib/authenticator.js:450:5)
(node:592485) UnhandledPromiseRejectionWarning: Unhandled promise rejection. This error originated either by throwing inside of an async function without a catch block, or by rejecting a promise which was not handled with .catch(). To terminate the node process on unhandled promise rejection, use the CLI flag `--unhandled-rejections=strict` (see https://nodejs.org/api/cli.html#cli_unhandled_rejections_mode). (rejection id: 3)
(node:592485) UnhandledPromiseRejectionWarning: TypeError: occupation.trim is not a function
    at exports.completeProfile (/home3/sojonews/backend.sojonews.com/controllers/user/profile.controller.js:34:41)
    at Layer.handle [as handle_request] (/home3/sojonews/nodevenv/backend.sojonews.com/14/lib/node_modules/express/lib/router/layer.js:95:5)
    at next (/home3/sojonews/nodevenv/backend.sojonews.com/14/lib/node_modules/express/lib/router/route.js:144:13)
    at exports.isUser (/home3/sojonews/backend.sojonews.com/middlewares/role.js:12:5)
    at Layer.handle [as handle_request] (/home3/sojonews/nodevenv/backend.sojonews.com/14/lib/node_modules/express/lib/router/layer.js:95:5)
    at next (/home3/sojonews/nodevenv/backend.sojonews.com/14/lib/node_modules/express/lib/router/route.js:144:13)
    at complete (/home3/sojonews/nodevenv/backend.sojonews.com/14/lib/node_modules/passport/lib/middleware/authenticate.js:271:13)
    at /home3/sojonews/nodevenv/backend.sojonews.com/14/lib/node_modules/passport/lib/middleware/authenticate.js:278:15
    at pass (/home3/sojonews/nodevenv/backend.sojonews.com/14/lib/node_modules/passport/lib/authenticator.js:428:14)
    at Authenticator.transformAuthInfo (/home3/sojonews/nodevenv/backend.sojonews.com/14/lib/node_modules/passport/lib/authenticator.js:450:5)
(node:592485) UnhandledPromiseRejectionWarning: Unhandled promise rejection. This error originated either by throwing inside of an async function without a catch block, or by rejecting a promise which was not handled with .catch(). To terminate the node process on unhandled promise rejection, use the CLI flag `--unhandled-rejections=strict` (see https://nodejs.org/api/cli.html#cli_unhandled_rejections_mode). (rejection id: 4)
(node:592485) UnhandledPromiseRejectionWarning: TypeError: occupation.trim is not a function
    at exports.completeProfile (/home3/sojonews/backend.sojonews.com/controllers/user/profile.controller.js:34:41)
    at Layer.handle [as handle_request] (/home3/sojonews/nodevenv/backend.sojonews.com/14/lib/node_modules/express/lib/router/layer.js:95:5)
    at next (/home3/sojonews/nodevenv/backend.sojonews.com/14/lib/node_modules/express/lib/router/route.js:144:13)
    at exports.isUser (/home3/sojonews/backend.sojonews.com/middlewares/role.js:12:5)
    at Layer.handle [as handle_request] (/home3/sojonews/nodevenv/backend.sojonews.com/14/lib/node_modules/express/lib/router/layer.js:95:5)
    at next (/home3/sojonews/nodevenv/backend.sojonews.com/14/lib/node_modules/express/lib/router/route.js:144:13)
    at complete (/home3/sojonews/nodevenv/backend.sojonews.com/14/lib/node_modules/passport/lib/middleware/authenticate.js:271:13)
    at /home3/sojonews/nodevenv/backend.sojonews.com/14/lib/node_modules/passport/lib/middleware/authenticate.js:278:15
    at pass (/home3/sojonews/nodevenv/backend.sojonews.com/14/lib/node_modules/passport/lib/authenticator.js:428:14)
    at Authenticator.transformAuthInfo (/home3/sojonews/nodevenv/backend.sojonews.com/14/lib/node_modules/passport/lib/authenticator.js:450:5)
(node:592485) UnhandledPromiseRejectionWarning: Unhandled promise rejection. This error originated either by throwing inside of an async function without a catch block, or by rejecting a promise which was not handled with .catch(). To terminate the node process on unhandled promise rejection, use the CLI flag `--unhandled-rejections=strict` (see https://nodejs.org/api/cli.html#cli_unhandled_rejections_mode). (rejection id: 5)
(node:592485) UnhandledPromiseRejectionWarning: TypeError: occupation.trim is not a function
    at exports.completeProfile (/home3/sojonews/backend.sojonews.com/controllers/user/profile.controller.js:34:41)
    at Layer.handle [as handle_request] (/home3/sojonews/nodevenv/backend.sojonews.com/14/lib/node_modules/express/lib/router/layer.js:95:5)
    at next (/home3/sojonews/nodevenv/backend.sojonews.com/14/lib/node_modules/express/lib/router/route.js:144:13)
    at exports.isUser (/home3/sojonews/backend.sojonews.com/middlewares/role.js:12:5)
    at Layer.handle [as handle_request] (/home3/sojonews/nodevenv/backend.sojonews.com/14/lib/node_modules/express/lib/router/layer.js:95:5)
    at next (/home3/sojonews/nodevenv/backend.sojonews.com/14/lib/node_modules/express/lib/router/route.js:144:13)
    at complete (/home3/sojonews/nodevenv/backend.sojonews.com/14/lib/node_modules/passport/lib/middleware/authenticate.js:271:13)
    at /home3/sojonews/nodevenv/backend.sojonews.com/14/lib/node_modules/passport/lib/middleware/authenticate.js:278:15
    at pass (/home3/sojonews/nodevenv/backend.sojonews.com/14/lib/node_modules/passport/lib/authenticator.js:428:14)
    at Authenticator.transformAuthInfo (/home3/sojonews/nodevenv/backend.sojonews.com/14/lib/node_modules/passport/lib/authenticator.js:450:5)
(node:592485) UnhandledPromiseRejectionWarning: Unhandled promise rejection. This error originated either by throwing inside of an async function without a catch block, or by rejecting a promise which was not handled with .catch(). To terminate the node process on unhandled promise rejection, use the CLI flag `--unhandled-rejections=strict` (see https://nodejs.org/api/cli.html#cli_unhandled_rejections_mode). (rejection id: 6)
(node:592485) UnhandledPromiseRejectionWarning: TypeError: occupation.trim is not a function
    at exports.completeProfile (/home3/sojonews/backend.sojonews.com/controllers/user/profile.controller.js:34:41)
    at Layer.handle [as handle_request] (/home3/sojonews/nodevenv/backend.sojonews.com/14/lib/node_modules/express/lib/router/layer.js:95:5)
    at next (/home3/sojonews/nodevenv/backend.sojonews.com/14/lib/node_modules/express/lib/router/route.js:144:13)
    at exports.isUser (/home3/sojonews/backend.sojonews.com/middlewares/role.js:12:5)
    at Layer.handle [as handle_request] (/home3/sojonews/nodevenv/backend.sojonews.com/14/lib/node_modules/express/lib/router/layer.js:95:5)
    at next (/home3/sojonews/nodevenv/backend.sojonews.com/14/lib/node_modules/express/lib/router/route.js:144:13)
    at complete (/home3/sojonews/nodevenv/backend.sojonews.com/14/lib/node_modules/passport/lib/middleware/authenticate.js:271:13)
    at /home3/sojonews/nodevenv/backend.sojonews.com/14/lib/node_modules/passport/lib/middleware/authenticate.js:278:15
    at pass (/home3/sojonews/nodevenv/backend.sojonews.com/14/lib/node_modules/passport/lib/authenticator.js:428:14)
    at Authenticator.transformAuthInfo (/home3/sojonews/nodevenv/backend.sojonews.com/14/lib/node_modules/passport/lib/authenticator.js:450:5)
(node:592485) UnhandledPromiseRejectionWarning: Unhandled promise rejection. This error originated either by throwing inside of an async function without a catch block, or by rejecting a promise which was not handled with .catch(). To terminate the node process on unhandled promise rejection, use the CLI flag `--unhandled-rejections=strict` (see https://nodejs.org/api/cli.html#cli_unhandled_rejections_mode). (rejection id: 7)
(node:592485) UnhandledPromiseRejectionWarning: TypeError: occupation.trim is not a function
    at exports.completeProfile (/home3/sojonews/backend.sojonews.com/controllers/user/profile.controller.js:34:41)
    at Layer.handle [as handle_request] (/home3/sojonews/nodevenv/backend.sojonews.com/14/lib/node_modules/express/lib/router/layer.js:95:5)
    at next (/home3/sojonews/nodevenv/backend.sojonews.com/14/lib/node_modules/express/lib/router/route.js:144:13)
    at exports.isUser (/home3/sojonews/backend.sojonews.com/middlewares/role.js:12:5)
    at Layer.handle [as handle_request] (/home3/sojonews/nodevenv/backend.sojonews.com/14/lib/node_modules/express/lib/router/layer.js:95:5)
    at next (/home3/sojonews/nodevenv/backend.sojonews.com/14/lib/node_modules/express/lib/router/route.js:144:13)
    at complete (/home3/sojonews/nodevenv/backend.sojonews.com/14/lib/node_modules/passport/lib/middleware/authenticate.js:271:13)
    at /home3/sojonews/nodevenv/backend.sojonews.com/14/lib/node_modules/passport/lib/middleware/authenticate.js:278:15
    at pass (/home3/sojonews/nodevenv/backend.sojonews.com/14/lib/node_modules/passport/lib/authenticator.js:428:14)
    at Authenticator.transformAuthInfo (/home3/sojonews/nodevenv/backend.sojonews.com/14/lib/node_modules/passport/lib/authenticator.js:450:5)
(node:592485) UnhandledPromiseRejectionWarning: Unhandled promise rejection. This error originated either by throwing inside of an async function without a catch block, or by rejecting a promise which was not handled with .catch(). To terminate the node process on unhandled promise rejection, use the CLI flag `--unhandled-rejections=strict` (see https://nodejs.org/api/cli.html#cli_unhandled_rejections_mode). (rejection id: 8)
(node:592485) UnhandledPromiseRejectionWarning: TypeError: occupation.trim is not a function
    at exports.completeProfile (/home3/sojonews/backend.sojonews.com/controllers/user/profile.controller.js:34:41)
    at Layer.handle [as handle_request] (/home3/sojonews/nodevenv/backend.sojonews.com/14/lib/node_modules/express/lib/router/layer.js:95:5)
    at next (/home3/sojonews/nodevenv/backend.sojonews.com/14/lib/node_modules/express/lib/router/route.js:144:13)
    at exports.isUser (/home3/sojonews/backend.sojonews.com/middlewares/role.js:12:5)
    at Layer.handle [as handle_request] (/home3/sojonews/nodevenv/backend.sojonews.com/14/lib/node_modules/express/lib/router/layer.js:95:5)
    at next (/home3/sojonews/nodevenv/backend.sojonews.com/14/lib/node_modules/express/lib/router/route.js:144:13)
    at complete (/home3/sojonews/nodevenv/backend.sojonews.com/14/lib/node_modules/passport/lib/middleware/authenticate.js:271:13)
    at /home3/sojonews/nodevenv/backend.sojonews.com/14/lib/node_modules/passport/lib/middleware/authenticate.js:278:15
    at pass (/home3/sojonews/nodevenv/backend.sojonews.com/14/lib/node_modules/passport/lib/authenticator.js:428:14)
    at Authenticator.transformAuthInfo (/home3/sojonews/nodevenv/backend.sojonews.com/14/lib/node_modules/passport/lib/authenticator.js:450:5)
(node:592485) UnhandledPromiseRejectionWarning: Unhandled promise rejection. This error originated either by throwing inside of an async function without a catch block, or by rejecting a promise which was not handled with .catch(). To terminate the node process on unhandled promise rejection, use the CLI flag `--unhandled-rejections=strict` (see https://nodejs.org/api/cli.html#cli_unhandled_rejections_mode). (rejection id: 9)
(node:592485) UnhandledPromiseRejectionWarning: TypeError: occupation.trim is not a function
    at exports.completeProfile (/home3/sojonews/backend.sojonews.com/controllers/user/profile.controller.js:34:41)
    at Layer.handle [as handle_request] (/home3/sojonews/nodevenv/backend.sojonews.com/14/lib/node_modules/express/lib/router/layer.js:95:5)
    at next (/home3/sojonews/nodevenv/backend.sojonews.com/14/lib/node_modules/express/lib/router/route.js:144:13)
    at exports.isUser (/home3/sojonews/backend.sojonews.com/middlewares/role.js:12:5)
    at Layer.handle [as handle_request] (/home3/sojonews/nodevenv/backend.sojonews.com/14/lib/node_modules/express/lib/router/layer.js:95:5)
    at next (/home3/sojonews/nodevenv/backend.sojonews.com/14/lib/node_modules/express/lib/router/route.js:144:13)
    at complete (/home3/sojonews/nodevenv/backend.sojonews.com/14/lib/node_modules/passport/lib/middleware/authenticate.js:271:13)
    at /home3/sojonews/nodevenv/backend.sojonews.com/14/lib/node_modules/passport/lib/middleware/authenticate.js:278:15
    at pass (/home3/sojonews/nodevenv/backend.sojonews.com/14/lib/node_modules/passport/lib/authenticator.js:428:14)
    at Authenticator.transformAuthInfo (/home3/sojonews/nodevenv/backend.sojonews.com/14/lib/node_modules/passport/lib/authenticator.js:450:5)
(node:592485) UnhandledPromiseRejectionWarning: Unhandled promise rejection. This error originated either by throwing inside of an async function without a catch block, or by rejecting a promise which was not handled with .catch(). To terminate the node process on unhandled promise rejection, use the CLI flag `--unhandled-rejections=strict` (see https://nodejs.org/api/cli.html#cli_unhandled_rejections_mode). (rejection id: 10)
(node:592485) UnhandledPromiseRejectionWarning: TypeError: occupation.trim is not a function
    at exports.completeProfile (/home3/sojonews/backend.sojonews.com/controllers/user/profile.controller.js:34:41)
    at Layer.handle [as handle_request] (/home3/sojonews/nodevenv/backend.sojonews.com/14/lib/node_modules/express/lib/router/layer.js:95:5)
    at next (/home3/sojonews/nodevenv/backend.sojonews.com/14/lib/node_modules/express/lib/router/route.js:144:13)
    at exports.isUser (/home3/sojonews/backend.sojonews.com/middlewares/role.js:12:5)
    at Layer.handle [as handle_request] (/home3/sojonews/nodevenv/backend.sojonews.com/14/lib/node_modules/express/lib/router/layer.js:95:5)
    at next (/home3/sojonews/nodevenv/backend.sojonews.com/14/lib/node_modules/express/lib/router/route.js:144:13)
    at complete (/home3/sojonews/nodevenv/backend.sojonews.com/14/lib/node_modules/passport/lib/middleware/authenticate.js:271:13)
    at /home3/sojonews/nodevenv/backend.sojonews.com/14/lib/node_modules/passport/lib/middleware/authenticate.js:278:15
    at pass (/home3/sojonews/nodevenv/backend.sojonews.com/14/lib/node_modules/passport/lib/authenticator.js:428:14)
    at Authenticator.transformAuthInfo (/home3/sojonews/nodevenv/backend.sojonews.com/14/lib/node_modules/passport/lib/authenticator.js:450:5)
(node:592485) UnhandledPromiseRejectionWarning: Unhandled promise rejection. This error originated either by throwing inside of an async function without a catch block, or by rejecting a promise which was not handled with .catch(). To terminate the node process on unhandled promise rejection, use the CLI flag `--unhandled-rejections=strict` (see https://nodejs.org/api/cli.html#cli_unhandled_rejections_mode). (rejection id: 11)
(node:592485) UnhandledPromiseRejectionWarning: TypeError: occupation.trim is not a function
    at exports.completeProfile (/home3/sojonews/backend.sojonews.com/controllers/user/profile.controller.js:34:41)
    at Layer.handle [as handle_request] (/home3/sojonews/nodevenv/backend.sojonews.com/14/lib/node_modules/express/lib/router/layer.js:95:5)
    at next (/home3/sojonews/nodevenv/backend.sojonews.com/14/lib/node_modules/express/lib/router/route.js:144:13)
    at exports.isUser (/home3/sojonews/backend.sojonews.com/middlewares/role.js:12:5)
    at Layer.handle [as handle_request] (/home3/sojonews/nodevenv/backend.sojonews.com/14/lib/node_modules/express/lib/router/layer.js:95:5)
    at next (/home3/sojonews/nodevenv/backend.sojonews.com/14/lib/node_modules/express/lib/router/route.js:144:13)
    at complete (/home3/sojonews/nodevenv/backend.sojonews.com/14/lib/node_modules/passport/lib/middleware/authenticate.js:271:13)
    at /home3/sojonews/nodevenv/backend.sojonews.com/14/lib/node_modules/passport/lib/middleware/authenticate.js:278:15
    at pass (/home3/sojonews/nodevenv/backend.sojonews.com/14/lib/node_modules/passport/lib/authenticator.js:428:14)
    at Authenticator.transformAuthInfo (/home3/sojonews/nodevenv/backend.sojonews.com/14/lib/node_modules/passport/lib/authenticator.js:450:5)
(node:592485) UnhandledPromiseRejectionWarning: Unhandled promise rejection. This error originated either by throwing inside of an async function without a catch block, or by rejecting a promise which was not handled with .catch(). To terminate the node process on unhandled promise rejection, use the CLI flag `--unhandled-rejections=strict` (see https://nodejs.org/api/cli.html#cli_unhandled_rejections_mode). (rejection id: 12)
(node:592485) UnhandledPromiseRejectionWarning: TypeError: occupation.trim is not a function
    at exports.completeProfile (/home3/sojonews/backend.sojonews.com/controllers/user/profile.controller.js:34:41)
    at Layer.handle [as handle_request] (/home3/sojonews/nodevenv/backend.sojonews.com/14/lib/node_modules/express/lib/router/layer.js:95:5)
    at next (/home3/sojonews/nodevenv/backend.sojonews.com/14/lib/node_modules/express/lib/router/route.js:144:13)
    at exports.isUser (/home3/sojonews/backend.sojonews.com/middlewares/role.js:12:5)
    at Layer.handle [as handle_request] (/home3/sojonews/nodevenv/backend.sojonews.com/14/lib/node_modules/express/lib/router/layer.js:95:5)
    at next (/home3/sojonews/nodevenv/backend.sojonews.com/14/lib/node_modules/express/lib/router/route.js:144:13)
    at complete (/home3/sojonews/nodevenv/backend.sojonews.com/14/lib/node_modules/passport/lib/middleware/authenticate.js:271:13)
    at /home3/sojonews/nodevenv/backend.sojonews.com/14/lib/node_modules/passport/lib/middleware/authenticate.js:278:15
    at pass (/home3/sojonews/nodevenv/backend.sojonews.com/14/lib/node_modules/passport/lib/authenticator.js:428:14)
    at Authenticator.transformAuthInfo (/home3/sojonews/nodevenv/backend.sojonews.com/14/lib/node_modules/passport/lib/authenticator.js:450:5)
(node:592485) UnhandledPromiseRejectionWarning: Unhandled promise rejection. This error originated either by throwing inside of an async function without a catch block, or by rejecting a promise which was not handled with .catch(). To terminate the node process on unhandled promise rejection, use the CLI flag `--unhandled-rejections=strict` (see https://nodejs.org/api/cli.html#cli_unhandled_rejections_mode). (rejection id: 13)
(node:592485) UnhandledPromiseRejectionWarning: TypeError: occupation.trim is not a function
    at exports.completeProfile (/home3/sojonews/backend.sojonews.com/controllers/user/profile.controller.js:34:41)
    at Layer.handle [as handle_request] (/home3/sojonews/nodevenv/backend.sojonews.com/14/lib/node_modules/express/lib/router/layer.js:95:5)
    at next (/home3/sojonews/nodevenv/backend.sojonews.com/14/lib/node_modules/express/lib/router/route.js:144:13)
    at exports.isUser (/home3/sojonews/backend.sojonews.com/middlewares/role.js:12:5)
    at Layer.handle [as handle_request] (/home3/sojonews/nodevenv/backend.sojonews.com/14/lib/node_modules/express/lib/router/layer.js:95:5)
    at next (/home3/sojonews/nodevenv/backend.sojonews.com/14/lib/node_modules/express/lib/router/route.js:144:13)
    at complete (/home3/sojonews/nodevenv/backend.sojonews.com/14/lib/node_modules/passport/lib/middleware/authenticate.js:271:13)
    at /home3/sojonews/nodevenv/backend.sojonews.com/14/lib/node_modules/passport/lib/middleware/authenticate.js:278:15
    at pass (/home3/sojonews/nodevenv/backend.sojonews.com/14/lib/node_modules/passport/lib/authenticator.js:428:14)
    at Authenticator.transformAuthInfo (/home3/sojonews/nodevenv/backend.sojonews.com/14/lib/node_modules/passport/lib/authenticator.js:450:5)
(node:592485) UnhandledPromiseRejectionWarning: Unhandled promise rejection. This error originated either by throwing inside of an async function without a catch block, or by rejecting a promise which was not handled with .catch(). To terminate the node process on unhandled promise rejection, use the CLI flag `--unhandled-rejections=strict` (see https://nodejs.org/api/cli.html#cli_unhandled_rejections_mode). (rejection id: 14)
(node:592485) UnhandledPromiseRejectionWarning: TypeError: occupation.trim is not a function
    at exports.completeProfile (/home3/sojonews/backend.sojonews.com/controllers/user/profile.controller.js:34:41)
    at Layer.handle [as handle_request] (/home3/sojonews/nodevenv/backend.sojonews.com/14/lib/node_modules/express/lib/router/layer.js:95:5)
    at next (/home3/sojonews/nodevenv/backend.sojonews.com/14/lib/node_modules/express/lib/router/route.js:144:13)
    at exports.isUser (/home3/sojonews/backend.sojonews.com/middlewares/role.js:12:5)
    at Layer.handle [as handle_request] (/home3/sojonews/nodevenv/backend.sojonews.com/14/lib/node_modules/express/lib/router/layer.js:95:5)
    at next (/home3/sojonews/nodevenv/backend.sojonews.com/14/lib/node_modules/express/lib/router/route.js:144:13)
    at complete (/home3/sojonews/nodevenv/backend.sojonews.com/14/lib/node_modules/passport/lib/middleware/authenticate.js:271:13)
    at /home3/sojonews/nodevenv/backend.sojonews.com/14/lib/node_modules/passport/lib/middleware/authenticate.js:278:15
    at pass (/home3/sojonews/nodevenv/backend.sojonews.com/14/lib/node_modules/passport/lib/authenticator.js:428:14)
    at Authenticator.transformAuthInfo (/home3/sojonews/nodevenv/backend.sojonews.com/14/lib/node_modules/passport/lib/authenticator.js:450:5)
(node:592485) UnhandledPromiseRejectionWarning: Unhandled promise rejection. This error originated either by throwing inside of an async function without a catch block, or by rejecting a promise which was not handled with .catch(). To terminate the node process on unhandled promise rejection, use the CLI flag `--unhandled-rejections=strict` (see https://nodejs.org/api/cli.html#cli_unhandled_rejections_mode). (rejection id: 15)
(node:592485) UnhandledPromiseRejectionWarning: TypeError: occupation.trim is not a function
    at exports.completeProfile (/home3/sojonews/backend.sojonews.com/controllers/user/profile.controller.js:34:41)
    at Layer.handle [as handle_request] (/home3/sojonews/nodevenv/backend.sojonews.com/14/lib/node_modules/express/lib/router/layer.js:95:5)
    at next (/home3/sojonews/nodevenv/backend.sojonews.com/14/lib/node_modules/express/lib/router/route.js:144:13)
    at exports.isUser (/home3/sojonews/backend.sojonews.com/middlewares/role.js:12:5)
    at Layer.handle [as handle_request] (/home3/sojonews/nodevenv/backend.sojonews.com/14/lib/node_modules/express/lib/router/layer.js:95:5)
    at next (/home3/sojonews/nodevenv/backend.sojonews.com/14/lib/node_modules/express/lib/router/route.js:144:13)
    at complete (/home3/sojonews/nodevenv/backend.sojonews.com/14/lib/node_modules/passport/lib/middleware/authenticate.js:271:13)
    at /home3/sojonews/nodevenv/backend.sojonews.com/14/lib/node_modules/passport/lib/middleware/authenticate.js:278:15
    at pass (/home3/sojonews/nodevenv/backend.sojonews.com/14/lib/node_modules/passport/lib/authenticator.js:428:14)
    at Authenticator.transformAuthInfo (/home3/sojonews/nodevenv/backend.sojonews.com/14/lib/node_modules/passport/lib/authenticator.js:450:5)
(node:592485) UnhandledPromiseRejectionWarning: Unhandled promise rejection. This error originated either by throwing inside of an async function without a catch block, or by rejecting a promise which was not handled with .catch(). To terminate the node process on unhandled promise rejection, use the CLI flag `--unhandled-rejections=strict` (see https://nodejs.org/api/cli.html#cli_unhandled_rejections_mode). (rejection id: 16)
(node:592485) UnhandledPromiseRejectionWarning: TypeError: occupation.trim is not a function
    at exports.completeProfile (/home3/sojonews/backend.sojonews.com/controllers/user/profile.controller.js:34:41)
    at Layer.handle [as handle_request] (/home3/sojonews/nodevenv/backend.sojonews.com/14/lib/node_modules/express/lib/router/layer.js:95:5)
    at next (/home3/sojonews/nodevenv/backend.sojonews.com/14/lib/node_modules/express/lib/router/route.js:144:13)
    at exports.isUser (/home3/sojonews/backend.sojonews.com/middlewares/role.js:12:5)
    at Layer.handle [as handle_request] (/home3/sojonews/nodevenv/backend.sojonews.com/14/lib/node_modules/express/lib/router/layer.js:95:5)
    at next (/home3/sojonews/nodevenv/backend.sojonews.com/14/lib/node_modules/express/lib/router/route.js:144:13)
    at complete (/home3/sojonews/nodevenv/backend.sojonews.com/14/lib/node_modules/passport/lib/middleware/authenticate.js:271:13)
    at /home3/sojonews/nodevenv/backend.sojonews.com/14/lib/node_modules/passport/lib/middleware/authenticate.js:278:15
    at pass (/home3/sojonews/nodevenv/backend.sojonews.com/14/lib/node_modules/passport/lib/authenticator.js:428:14)
    at Authenticator.transformAuthInfo (/home3/sojonews/nodevenv/backend.sojonews.com/14/lib/node_modules/passport/lib/authenticator.js:450:5)
(node:592485) UnhandledPromiseRejectionWarning: Unhandled promise rejection. This error originated either by throwing inside of an async function without a catch block, or by rejecting a promise which was not handled with .catch(). To terminate the node process on unhandled promise rejection, use the CLI flag `--unhandled-rejections=strict` (see https://nodejs.org/api/cli.html#cli_unhandled_rejections_mode). (rejection id: 17)
(node:592485) UnhandledPromiseRejectionWarning: TypeError: occupation.trim is not a function
    at exports.completeProfile (/home3/sojonews/backend.sojonews.com/controllers/user/profile.controller.js:34:41)
    at Layer.handle [as handle_request] (/home3/sojonews/nodevenv/backend.sojonews.com/14/lib/node_modules/express/lib/router/layer.js:95:5)
    at next (/home3/sojonews/nodevenv/backend.sojonews.com/14/lib/node_modules/express/lib/router/route.js:144:13)
    at exports.isUser (/home3/sojonews/backend.sojonews.com/middlewares/role.js:12:5)
    at Layer.handle [as handle_request] (/home3/sojonews/nodevenv/backend.sojonews.com/14/lib/node_modules/express/lib/router/layer.js:95:5)
    at next (/home3/sojonews/nodevenv/backend.sojonews.com/14/lib/node_modules/express/lib/router/route.js:144:13)
    at complete (/home3/sojonews/nodevenv/backend.sojonews.com/14/lib/node_modules/passport/lib/middleware/authenticate.js:271:13)
    at /home3/sojonews/nodevenv/backend.sojonews.com/14/lib/node_modules/passport/lib/middleware/authenticate.js:278:15
    at pass (/home3/sojonews/nodevenv/backend.sojonews.com/14/lib/node_modules/passport/lib/authenticator.js:428:14)
    at Authenticator.transformAuthInfo (/home3/sojonews/nodevenv/backend.sojonews.com/14/lib/node_modules/passport/lib/authenticator.js:450:5)
(node:592485) UnhandledPromiseRejectionWarning: Unhandled promise rejection. This error originated either by throwing inside of an async function without a catch block, or by rejecting a promise which was not handled with .catch(). To terminate the node process on unhandled promise rejection, use the CLI flag `--unhandled-rejections=strict` (see https://nodejs.org/api/cli.html#cli_unhandled_rejections_mode). (rejection id: 18)
(node:592485) UnhandledPromiseRejectionWarning: TypeError: occupation.trim is not a function
    at exports.completeProfile (/home3/sojonews/backend.sojonews.com/controllers/user/profile.controller.js:34:41)
    at Layer.handle [as handle_request] (/home3/sojonews/nodevenv/backend.sojonews.com/14/lib/node_modules/express/lib/router/layer.js:95:5)
    at next (/home3/sojonews/nodevenv/backend.sojonews.com/14/lib/node_modules/express/lib/router/route.js:144:13)
    at exports.isUser (/home3/sojonews/backend.sojonews.com/middlewares/role.js:12:5)
    at Layer.handle [as handle_request] (/home3/sojonews/nodevenv/backend.sojonews.com/14/lib/node_modules/express/lib/router/layer.js:95:5)
    at next (/home3/sojonews/nodevenv/backend.sojonews.com/14/lib/node_modules/express/lib/router/route.js:144:13)
    at complete (/home3/sojonews/nodevenv/backend.sojonews.com/14/lib/node_modules/passport/lib/middleware/authenticate.js:271:13)
    at /home3/sojonews/nodevenv/backend.sojonews.com/14/lib/node_modules/passport/lib/middleware/authenticate.js:278:15
    at pass (/home3/sojonews/nodevenv/backend.sojonews.com/14/lib/node_modules/passport/lib/authenticator.js:428:14)
    at Authenticator.transformAuthInfo (/home3/sojonews/nodevenv/backend.sojonews.com/14/lib/node_modules/passport/lib/authenticator.js:450:5)
(node:592485) UnhandledPromiseRejectionWarning: Unhandled promise rejection. This error originated either by throwing inside of an async function without a catch block, or by rejecting a promise which was not handled with .catch(). To terminate the node process on unhandled promise rejection, use the CLI flag `--unhandled-rejections=strict` (see https://nodejs.org/api/cli.html#cli_unhandled_rejections_mode). (rejection id: 19)
(node:592485) UnhandledPromiseRejectionWarning: TypeError: occupation.trim is not a function
    at exports.completeProfile (/home3/sojonews/backend.sojonews.com/controllers/user/profile.controller.js:34:41)
    at Layer.handle [as handle_request] (/home3/sojonews/nodevenv/backend.sojonews.com/14/lib/node_modules/express/lib/router/layer.js:95:5)
    at next (/home3/sojonews/nodevenv/backend.sojonews.com/14/lib/node_modules/express/lib/router/route.js:144:13)
    at exports.isUser (/home3/sojonews/backend.sojonews.com/middlewares/role.js:12:5)
    at Layer.handle [as handle_request] (/home3/sojonews/nodevenv/backend.sojonews.com/14/lib/node_modules/express/lib/router/layer.js:95:5)
    at next (/home3/sojonews/nodevenv/backend.sojonews.com/14/lib/node_modules/express/lib/router/route.js:144:13)
    at complete (/home3/sojonews/nodevenv/backend.sojonews.com/14/lib/node_modules/passport/lib/middleware/authenticate.js:271:13)
    at /home3/sojonews/nodevenv/backend.sojonews.com/14/lib/node_modules/passport/lib/middleware/authenticate.js:278:15
    at pass (/home3/sojonews/nodevenv/backend.sojonews.com/14/lib/node_modules/passport/lib/authenticator.js:428:14)
    at Authenticator.transformAuthInfo (/home3/sojonews/nodevenv/backend.sojonews.com/14/lib/node_modules/passport/lib/authenticator.js:450:5)
(node:592485) UnhandledPromiseRejectionWarning: Unhandled promise rejection. This error originated either by throwing inside of an async function without a catch block, or by rejecting a promise which was not handled with .catch(). To terminate the node process on unhandled promise rejection, use the CLI flag `--unhandled-rejections=strict` (see https://nodejs.org/api/cli.html#cli_unhandled_rejections_mode). (rejection id: 20)
(node:592485) UnhandledPromiseRejectionWarning: TypeError: occupation.trim is not a function
    at exports.completeProfile (/home3/sojonews/backend.sojonews.com/controllers/user/profile.controller.js:34:41)
    at Layer.handle [as handle_request] (/home3/sojonews/nodevenv/backend.sojonews.com/14/lib/node_modules/express/lib/router/layer.js:95:5)
    at next (/home3/sojonews/nodevenv/backend.sojonews.com/14/lib/node_modules/express/lib/router/route.js:144:13)
    at exports.isUser (/home3/sojonews/backend.sojonews.com/middlewares/role.js:12:5)
    at Layer.handle [as handle_request] (/home3/sojonews/nodevenv/backend.sojonews.com/14/lib/node_modules/express/lib/router/layer.js:95:5)
    at next (/home3/sojonews/nodevenv/backend.sojonews.com/14/lib/node_modules/express/lib/router/route.js:144:13)
    at complete (/home3/sojonews/nodevenv/backend.sojonews.com/14/lib/node_modules/passport/lib/middleware/authenticate.js:271:13)
    at /home3/sojonews/nodevenv/backend.sojonews.com/14/lib/node_modules/passport/lib/middleware/authenticate.js:278:15
    at pass (/home3/sojonews/nodevenv/backend.sojonews.com/14/lib/node_modules/passport/lib/authenticator.js:428:14)
    at Authenticator.transformAuthInfo (/home3/sojonews/nodevenv/backend.sojonews.com/14/lib/node_modules/passport/lib/authenticator.js:450:5)
(node:592485) UnhandledPromiseRejectionWarning: Unhandled promise rejection. This error originated either by throwing inside of an async function without a catch block, or by rejecting a promise which was not handled with .catch(). To terminate the node process on unhandled promise rejection, use the CLI flag `--unhandled-rejections=strict` (see https://nodejs.org/api/cli.html#cli_unhandled_rejections_mode). (rejection id: 21)
(node:592485) UnhandledPromiseRejectionWarning: TypeError: occupation.trim is not a function
    at exports.completeProfile (/home3/sojonews/backend.sojonews.com/controllers/user/profile.controller.js:34:41)
    at Layer.handle [as handle_request] (/home3/sojonews/nodevenv/backend.sojonews.com/14/lib/node_modules/express/lib/router/layer.js:95:5)
    at next (/home3/sojonews/nodevenv/backend.sojonews.com/14/lib/node_modules/express/lib/router/route.js:144:13)
    at exports.isUser (/home3/sojonews/backend.sojonews.com/middlewares/role.js:12:5)
    at Layer.handle [as handle_request] (/home3/sojonews/nodevenv/backend.sojonews.com/14/lib/node_modules/express/lib/router/layer.js:95:5)
    at next (/home3/sojonews/nodevenv/backend.sojonews.com/14/lib/node_modules/express/lib/router/route.js:144:13)
    at complete (/home3/sojonews/nodevenv/backend.sojonews.com/14/lib/node_modules/passport/lib/middleware/authenticate.js:271:13)
    at /home3/sojonews/nodevenv/backend.sojonews.com/14/lib/node_modules/passport/lib/middleware/authenticate.js:278:15
    at pass (/home3/sojonews/nodevenv/backend.sojonews.com/14/lib/node_modules/passport/lib/authenticator.js:428:14)
    at Authenticator.transformAuthInfo (/home3/sojonews/nodevenv/backend.sojonews.com/14/lib/node_modules/passport/lib/authenticator.js:450:5)
(node:592485) UnhandledPromiseRejectionWarning: Unhandled promise rejection. This error originated either by throwing inside of an async function without a catch block, or by rejecting a promise which was not handled with .catch(). To terminate the node process on unhandled promise rejection, use the CLI flag `--unhandled-rejections=strict` (see https://nodejs.org/api/cli.html#cli_unhandled_rejections_mode). (rejection id: 22)
(node:592485) UnhandledPromiseRejectionWarning: TypeError: occupation.trim is not a function
    at exports.completeProfile (/home3/sojonews/backend.sojonews.com/controllers/user/profile.controller.js:34:41)
    at Layer.handle [as handle_request] (/home3/sojonews/nodevenv/backend.sojonews.com/14/lib/node_modules/express/lib/router/layer.js:95:5)
    at next (/home3/sojonews/nodevenv/backend.sojonews.com/14/lib/node_modules/express/lib/router/route.js:144:13)
    at exports.isUser (/home3/sojonews/backend.sojonews.com/middlewares/role.js:12:5)
    at Layer.handle [as handle_request] (/home3/sojonews/nodevenv/backend.sojonews.com/14/lib/node_modules/express/lib/router/layer.js:95:5)
    at next (/home3/sojonews/nodevenv/backend.sojonews.com/14/lib/node_modules/express/lib/router/route.js:144:13)
    at complete (/home3/sojonews/nodevenv/backend.sojonews.com/14/lib/node_modules/passport/lib/middleware/authenticate.js:271:13)
    at /home3/sojonews/nodevenv/backend.sojonews.com/14/lib/node_modules/passport/lib/middleware/authenticate.js:278:15
    at pass (/home3/sojonews/nodevenv/backend.sojonews.com/14/lib/node_modules/passport/lib/authenticator.js:428:14)
    at Authenticator.transformAuthInfo (/home3/sojonews/nodevenv/backend.sojonews.com/14/lib/node_modules/passport/lib/authenticator.js:450:5)
(node:592485) UnhandledPromiseRejectionWarning: Unhandled promise rejection. This error originated either by throwing inside of an async function without a catch block, or by rejecting a promise which was not handled with .catch(). To terminate the node process on unhandled promise rejection, use the CLI flag `--unhandled-rejections=strict` (see https://nodejs.org/api/cli.html#cli_unhandled_rejections_mode). (rejection id: 23)
(node:592485) UnhandledPromiseRejectionWarning: TypeError: occupation.trim is not a function
    at exports.completeProfile (/home3/sojonews/backend.sojonews.com/controllers/user/profile.controller.js:34:41)
    at Layer.handle [as handle_request] (/home3/sojonews/nodevenv/backend.sojonews.com/14/lib/node_modules/express/lib/router/layer.js:95:5)
    at next (/home3/sojonews/nodevenv/backend.sojonews.com/14/lib/node_modules/express/lib/router/route.js:144:13)
    at exports.isUser (/home3/sojonews/backend.sojonews.com/middlewares/role.js:12:5)
    at Layer.handle [as handle_request] (/home3/sojonews/nodevenv/backend.sojonews.com/14/lib/node_modules/express/lib/router/layer.js:95:5)
    at next (/home3/sojonews/nodevenv/backend.sojonews.com/14/lib/node_modules/express/lib/router/route.js:144:13)
    at complete (/home3/sojonews/nodevenv/backend.sojonews.com/14/lib/node_modules/passport/lib/middleware/authenticate.js:271:13)
    at /home3/sojonews/nodevenv/backend.sojonews.com/14/lib/node_modules/passport/lib/middleware/authenticate.js:278:15
    at pass (/home3/sojonews/nodevenv/backend.sojonews.com/14/lib/node_modules/passport/lib/authenticator.js:428:14)
    at Authenticator.transformAuthInfo (/home3/sojonews/nodevenv/backend.sojonews.com/14/lib/node_modules/passport/lib/authenticator.js:450:5)
(node:592485) UnhandledPromiseRejectionWarning: Unhandled promise rejection. This error originated either by throwing inside of an async function without a catch block, or by rejecting a promise which was not handled with .catch(). To terminate the node process on unhandled promise rejection, use the CLI flag `--unhandled-rejections=strict` (see https://nodejs.org/api/cli.html#cli_unhandled_rejections_mode). (rejection id: 24)
(node:592485) UnhandledPromiseRejectionWarning: TypeError: occupation.trim is not a function
    at exports.completeProfile (/home3/sojonews/backend.sojonews.com/controllers/user/profile.controller.js:34:41)
    at Layer.handle [as handle_request] (/home3/sojonews/nodevenv/backend.sojonews.com/14/lib/node_modules/express/lib/router/layer.js:95:5)
    at next (/home3/sojonews/nodevenv/backend.sojonews.com/14/lib/node_modules/express/lib/router/route.js:144:13)
    at exports.isUser (/home3/sojonews/backend.sojonews.com/middlewares/role.js:12:5)
    at Layer.handle [as handle_request] (/home3/sojonews/nodevenv/backend.sojonews.com/14/lib/node_modules/express/lib/router/layer.js:95:5)
    at next (/home3/sojonews/nodevenv/backend.sojonews.com/14/lib/node_modules/express/lib/router/route.js:144:13)
    at complete (/home3/sojonews/nodevenv/backend.sojonews.com/14/lib/node_modules/passport/lib/middleware/authenticate.js:271:13)
    at /home3/sojonews/nodevenv/backend.sojonews.com/14/lib/node_modules/passport/lib/middleware/authenticate.js:278:15
    at pass (/home3/sojonews/nodevenv/backend.sojonews.com/14/lib/node_modules/passport/lib/authenticator.js:428:14)
    at Authenticator.transformAuthInfo (/home3/sojonews/nodevenv/backend.sojonews.com/14/lib/node_modules/passport/lib/authenticator.js:450:5)
(node:592485) UnhandledPromiseRejectionWarning: Unhandled promise rejection. This error originated either by throwing inside of an async function without a catch block, or by rejecting a promise which was not handled with .catch(). To terminate the node process on unhandled promise rejection, use the CLI flag `--unhandled-rejections=strict` (see https://nodejs.org/api/cli.html#cli_unhandled_rejections_mode). (rejection id: 25)
(node:592485) UnhandledPromiseRejectionWarning: TypeError: occupation.trim is not a function
    at exports.completeProfile (/home3/sojonews/backend.sojonews.com/controllers/user/profile.controller.js:34:41)
    at Layer.handle [as handle_request] (/home3/sojonews/nodevenv/backend.sojonews.com/14/lib/node_modules/express/lib/router/layer.js:95:5)
    at next (/home3/sojonews/nodevenv/backend.sojonews.com/14/lib/node_modules/express/lib/router/route.js:144:13)
    at exports.isUser (/home3/sojonews/backend.sojonews.com/middlewares/role.js:12:5)
    at Layer.handle [as handle_request] (/home3/sojonews/nodevenv/backend.sojonews.com/14/lib/node_modules/express/lib/router/layer.js:95:5)
    at next (/home3/sojonews/nodevenv/backend.sojonews.com/14/lib/node_modules/express/lib/router/route.js:144:13)
    at complete (/home3/sojonews/nodevenv/backend.sojonews.com/14/lib/node_modules/passport/lib/middleware/authenticate.js:271:13)
    at /home3/sojonews/nodevenv/backend.sojonews.com/14/lib/node_modules/passport/lib/middleware/authenticate.js:278:15
    at pass (/home3/sojonews/nodevenv/backend.sojonews.com/14/lib/node_modules/passport/lib/authenticator.js:428:14)
    at Authenticator.transformAuthInfo (/home3/sojonews/nodevenv/backend.sojonews.com/14/lib/node_modules/passport/lib/authenticator.js:450:5)
(node:592485) UnhandledPromiseRejectionWarning: Unhandled promise rejection. This error originated either by throwing inside of an async function without a catch block, or by rejecting a promise which was not handled with .catch(). To terminate the node process on unhandled promise rejection, use the CLI flag `--unhandled-rejections=strict` (see https://nodejs.org/api/cli.html#cli_unhandled_rejections_mode). (rejection id: 26)
(node:592485) UnhandledPromiseRejectionWarning: TypeError: occupation.trim is not a function
    at exports.completeProfile (/home3/sojonews/backend.sojonews.com/controllers/user/profile.controller.js:34:41)
    at Layer.handle [as handle_request] (/home3/sojonews/nodevenv/backend.sojonews.com/14/lib/node_modules/express/lib/router/layer.js:95:5)
    at next (/home3/sojonews/nodevenv/backend.sojonews.com/14/lib/node_modules/express/lib/router/route.js:144:13)
    at exports.isUser (/home3/sojonews/backend.sojonews.com/middlewares/role.js:12:5)
    at Layer.handle [as handle_request] (/home3/sojonews/nodevenv/backend.sojonews.com/14/lib/node_modules/express/lib/router/layer.js:95:5)
    at next (/home3/sojonews/nodevenv/backend.sojonews.com/14/lib/node_modules/express/lib/router/route.js:144:13)
    at complete (/home3/sojonews/nodevenv/backend.sojonews.com/14/lib/node_modules/passport/lib/middleware/authenticate.js:271:13)
    at /home3/sojonews/nodevenv/backend.sojonews.com/14/lib/node_modules/passport/lib/middleware/authenticate.js:278:15
    at pass (/home3/sojonews/nodevenv/backend.sojonews.com/14/lib/node_modules/passport/lib/authenticator.js:428:14)
    at Authenticator.transformAuthInfo (/home3/sojonews/nodevenv/backend.sojonews.com/14/lib/node_modules/passport/lib/authenticator.js:450:5)
(node:592485) UnhandledPromiseRejectionWarning: Unhandled promise rejection. This error originated either by throwing inside of an async function without a catch block, or by rejecting a promise which was not handled with .catch(). To terminate the node process on unhandled promise rejection, use the CLI flag `--unhandled-rejections=strict` (see https://nodejs.org/api/cli.html#cli_unhandled_rejections_mode). (rejection id: 27)
(node:592485) UnhandledPromiseRejectionWarning: TypeError: occupation.trim is not a function
    at exports.completeProfile (/home3/sojonews/backend.sojonews.com/controllers/user/profile.controller.js:34:41)
    at Layer.handle [as handle_request] (/home3/sojonews/nodevenv/backend.sojonews.com/14/lib/node_modules/express/lib/router/layer.js:95:5)
    at next (/home3/sojonews/nodevenv/backend.sojonews.com/14/lib/node_modules/express/lib/router/route.js:144:13)
    at exports.isUser (/home3/sojonews/backend.sojonews.com/middlewares/role.js:12:5)
    at Layer.handle [as handle_request] (/home3/sojonews/nodevenv/backend.sojonews.com/14/lib/node_modules/express/lib/router/layer.js:95:5)
    at next (/home3/sojonews/nodevenv/backend.sojonews.com/14/lib/node_modules/express/lib/router/route.js:144:13)
    at complete (/home3/sojonews/nodevenv/backend.sojonews.com/14/lib/node_modules/passport/lib/middleware/authenticate.js:271:13)
    at /home3/sojonews/nodevenv/backend.sojonews.com/14/lib/node_modules/passport/lib/middleware/authenticate.js:278:15
    at pass (/home3/sojonews/nodevenv/backend.sojonews.com/14/lib/node_modules/passport/lib/authenticator.js:428:14)
    at Authenticator.transformAuthInfo (/home3/sojonews/nodevenv/backend.sojonews.com/14/lib/node_modules/passport/lib/authenticator.js:450:5)
(node:592485) UnhandledPromiseRejectionWarning: Unhandled promise rejection. This error originated either by throwing inside of an async function without a catch block, or by rejecting a promise which was not handled with .catch(). To terminate the node process on unhandled promise rejection, use the CLI flag `--unhandled-rejections=strict` (see https://nodejs.org/api/cli.html#cli_unhandled_rejections_mode). (rejection id: 28)
(node:592485) UnhandledPromiseRejectionWarning: TypeError: occupation.trim is not a function
    at exports.completeProfile (/home3/sojonews/backend.sojonews.com/controllers/user/profile.controller.js:34:41)
    at Layer.handle [as handle_request] (/home3/sojonews/nodevenv/backend.sojonews.com/14/lib/node_modules/express/lib/router/layer.js:95:5)
    at next (/home3/sojonews/nodevenv/backend.sojonews.com/14/lib/node_modules/express/lib/router/route.js:144:13)
    at exports.isUser (/home3/sojonews/backend.sojonews.com/middlewares/role.js:12:5)
    at Layer.handle [as handle_request] (/home3/sojonews/nodevenv/backend.sojonews.com/14/lib/node_modules/express/lib/router/layer.js:95:5)
    at next (/home3/sojonews/nodevenv/backend.sojonews.com/14/lib/node_modules/express/lib/router/route.js:144:13)
    at complete (/home3/sojonews/nodevenv/backend.sojonews.com/14/lib/node_modules/passport/lib/middleware/authenticate.js:271:13)
    at /home3/sojonews/nodevenv/backend.sojonews.com/14/lib/node_modules/passport/lib/middleware/authenticate.js:278:15
    at pass (/home3/sojonews/nodevenv/backend.sojonews.com/14/lib/node_modules/passport/lib/authenticator.js:428:14)
    at Authenticator.transformAuthInfo (/home3/sojonews/nodevenv/backend.sojonews.com/14/lib/node_modules/passport/lib/authenticator.js:450:5)
(node:592485) UnhandledPromiseRejectionWarning: Unhandled promise rejection. This error originated either by throwing inside of an async function without a catch block, or by rejecting a promise which was not handled with .catch(). To terminate the node process on unhandled promise rejection, use the CLI flag `--unhandled-rejections=strict` (see https://nodejs.org/api/cli.html#cli_unhandled_rejections_mode). (rejection id: 29)
(node:592485) UnhandledPromiseRejectionWarning: TypeError: occupation.trim is not a function
    at exports.completeProfile (/home3/sojonews/backend.sojonews.com/controllers/user/profile.controller.js:34:41)
    at Layer.handle [as handle_request] (/home3/sojonews/nodevenv/backend.sojonews.com/14/lib/node_modules/express/lib/router/layer.js:95:5)
    at next (/home3/sojonews/nodevenv/backend.sojonews.com/14/lib/node_modules/express/lib/router/route.js:144:13)
    at exports.isUser (/home3/sojonews/backend.sojonews.com/middlewares/role.js:12:5)
    at Layer.handle [as handle_request] (/home3/sojonews/nodevenv/backend.sojonews.com/14/lib/node_modules/express/lib/router/layer.js:95:5)
    at next (/home3/sojonews/nodevenv/backend.sojonews.com/14/lib/node_modules/express/lib/router/route.js:144:13)
    at complete (/home3/sojonews/nodevenv/backend.sojonews.com/14/lib/node_modules/passport/lib/middleware/authenticate.js:271:13)
    at /home3/sojonews/nodevenv/backend.sojonews.com/14/lib/node_modules/passport/lib/middleware/authenticate.js:278:15
    at pass (/home3/sojonews/nodevenv/backend.sojonews.com/14/lib/node_modules/passport/lib/authenticator.js:428:14)
    at Authenticator.transformAuthInfo (/home3/sojonews/nodevenv/backend.sojonews.com/14/lib/node_modules/passport/lib/authenticator.js:450:5)
(node:592485) UnhandledPromiseRejectionWarning: Unhandled promise rejection. This error originated either by throwing inside of an async function without a catch block, or by rejecting a promise which was not handled with .catch(). To terminate the node process on unhandled promise rejection, use the CLI flag `--unhandled-rejections=strict` (see https://nodejs.org/api/cli.html#cli_unhandled_rejections_mode). (rejection id: 30)
(node:592485) UnhandledPromiseRejectionWarning: TypeError: occupation.trim is not a function
    at exports.completeProfile (/home3/sojonews/backend.sojonews.com/controllers/user/profile.controller.js:34:41)
    at Layer.handle [as handle_request] (/home3/sojonews/nodevenv/backend.sojonews.com/14/lib/node_modules/express/lib/router/layer.js:95:5)
    at next (/home3/sojonews/nodevenv/backend.sojonews.com/14/lib/node_modules/express/lib/router/route.js:144:13)
    at exports.isUser (/home3/sojonews/backend.sojonews.com/middlewares/role.js:12:5)
    at Layer.handle [as handle_request] (/home3/sojonews/nodevenv/backend.sojonews.com/14/lib/node_modules/express/lib/router/layer.js:95:5)
    at next (/home3/sojonews/nodevenv/backend.sojonews.com/14/lib/node_modules/express/lib/router/route.js:144:13)
    at complete (/home3/sojonews/nodevenv/backend.sojonews.com/14/lib/node_modules/passport/lib/middleware/authenticate.js:271:13)
    at /home3/sojonews/nodevenv/backend.sojonews.com/14/lib/node_modules/passport/lib/middleware/authenticate.js:278:15
    at pass (/home3/sojonews/nodevenv/backend.sojonews.com/14/lib/node_modules/passport/lib/authenticator.js:428:14)
    at Authenticator.transformAuthInfo (/home3/sojonews/nodevenv/backend.sojonews.com/14/lib/node_modules/passport/lib/authenticator.js:450:5)
(node:592485) UnhandledPromiseRejectionWarning: Unhandled promise rejection. This error originated either by throwing inside of an async function without a catch block, or by rejecting a promise which was not handled with .catch(). To terminate the node process on unhandled promise rejection, use the CLI flag `--unhandled-rejections=strict` (see https://nodejs.org/api/cli.html#cli_unhandled_rejections_mode). (rejection id: 31)
(node:592485) UnhandledPromiseRejectionWarning: TypeError: occupation.trim is not a function
    at exports.completeProfile (/home3/sojonews/backend.sojonews.com/controllers/user/profile.controller.js:34:41)
    at Layer.handle [as handle_request] (/home3/sojonews/nodevenv/backend.sojonews.com/14/lib/node_modules/express/lib/router/layer.js:95:5)
    at next (/home3/sojonews/nodevenv/backend.sojonews.com/14/lib/node_modules/express/lib/router/route.js:144:13)
    at exports.isUser (/home3/sojonews/backend.sojonews.com/middlewares/role.js:12:5)
    at Layer.handle [as handle_request] (/home3/sojonews/nodevenv/backend.sojonews.com/14/lib/node_modules/express/lib/router/layer.js:95:5)
    at next (/home3/sojonews/nodevenv/backend.sojonews.com/14/lib/node_modules/express/lib/router/route.js:144:13)
    at complete (/home3/sojonews/nodevenv/backend.sojonews.com/14/lib/node_modules/passport/lib/middleware/authenticate.js:271:13)
    at /home3/sojonews/nodevenv/backend.sojonews.com/14/lib/node_modules/passport/lib/middleware/authenticate.js:278:15
    at pass (/home3/sojonews/nodevenv/backend.sojonews.com/14/lib/node_modules/passport/lib/authenticator.js:428:14)
    at Authenticator.transformAuthInfo (/home3/sojonews/nodevenv/backend.sojonews.com/14/lib/node_modules/passport/lib/authenticator.js:450:5)
(node:592485) UnhandledPromiseRejectionWarning: Unhandled promise rejection. This error originated either by throwing inside of an async function without a catch block, or by rejecting a promise which was not handled with .catch(). To terminate the node process on unhandled promise rejection, use the CLI flag `--unhandled-rejections=strict` (see https://nodejs.org/api/cli.html#cli_unhandled_rejections_mode). (rejection id: 32)
(node:592485) UnhandledPromiseRejectionWarning: TypeError: occupation.trim is not a function
    at exports.completeProfile (/home3/sojonews/backend.sojonews.com/controllers/user/profile.controller.js:34:41)
    at Layer.handle [as handle_request] (/home3/sojonews/nodevenv/backend.sojonews.com/14/lib/node_modules/express/lib/router/layer.js:95:5)
    at next (/home3/sojonews/nodevenv/backend.sojonews.com/14/lib/node_modules/express/lib/router/route.js:144:13)
    at exports.isUser (/home3/sojonews/backend.sojonews.com/middlewares/role.js:12:5)
    at Layer.handle [as handle_request] (/home3/sojonews/nodevenv/backend.sojonews.com/14/lib/node_modules/express/lib/router/layer.js:95:5)
    at next (/home3/sojonews/nodevenv/backend.sojonews.com/14/lib/node_modules/express/lib/router/route.js:144:13)
    at complete (/home3/sojonews/nodevenv/backend.sojonews.com/14/lib/node_modules/passport/lib/middleware/authenticate.js:271:13)
    at /home3/sojonews/nodevenv/backend.sojonews.com/14/lib/node_modules/passport/lib/middleware/authenticate.js:278:15
    at pass (/home3/sojonews/nodevenv/backend.sojonews.com/14/lib/node_modules/passport/lib/authenticator.js:428:14)
    at Authenticator.transformAuthInfo (/home3/sojonews/nodevenv/backend.sojonews.com/14/lib/node_modules/passport/lib/authenticator.js:450:5)
(node:592485) UnhandledPromiseRejectionWarning: Unhandled promise rejection. This error originated either by throwing inside of an async function without a catch block, or by rejecting a promise which was not handled with .catch(). To terminate the node process on unhandled promise rejection, use the CLI flag `--unhandled-rejections=strict` (see https://nodejs.org/api/cli.html#cli_unhandled_rejections_mode). (rejection id: 33)
(node:592485) UnhandledPromiseRejectionWarning: TypeError: occupation.trim is not a function
    at exports.completeProfile (/home3/sojonews/backend.sojonews.com/controllers/user/profile.controller.js:34:41)
    at Layer.handle [as handle_request] (/home3/sojonews/nodevenv/backend.sojonews.com/14/lib/node_modules/express/lib/router/layer.js:95:5)
    at next (/home3/sojonews/nodevenv/backend.sojonews.com/14/lib/node_modules/express/lib/router/route.js:144:13)
    at exports.isUser (/home3/sojonews/backend.sojonews.com/middlewares/role.js:12:5)
    at Layer.handle [as handle_request] (/home3/sojonews/nodevenv/backend.sojonews.com/14/lib/node_modules/express/lib/router/layer.js:95:5)
    at next (/home3/sojonews/nodevenv/backend.sojonews.com/14/lib/node_modules/express/lib/router/route.js:144:13)
    at complete (/home3/sojonews/nodevenv/backend.sojonews.com/14/lib/node_modules/passport/lib/middleware/authenticate.js:271:13)
    at /home3/sojonews/nodevenv/backend.sojonews.com/14/lib/node_modules/passport/lib/middleware/authenticate.js:278:15
    at pass (/home3/sojonews/nodevenv/backend.sojonews.com/14/lib/node_modules/passport/lib/authenticator.js:428:14)
    at Authenticator.transformAuthInfo (/home3/sojonews/nodevenv/backend.sojonews.com/14/lib/node_modules/passport/lib/authenticator.js:450:5)
(node:592485) UnhandledPromiseRejectionWarning: Unhandled promise rejection. This error originated either by throwing inside of an async function without a catch block, or by rejecting a promise which was not handled with .catch(). To terminate the node process on unhandled promise rejection, use the CLI flag `--unhandled-rejections=strict` (see https://nodejs.org/api/cli.html#cli_unhandled_rejections_mode). (rejection id: 34)
(node:592485) UnhandledPromiseRejectionWarning: TypeError: occupation.trim is not a function
    at exports.completeProfile (/home3/sojonews/backend.sojonews.com/controllers/user/profile.controller.js:34:41)
    at Layer.handle [as handle_request] (/home3/sojonews/nodevenv/backend.sojonews.com/14/lib/node_modules/express/lib/router/layer.js:95:5)
    at next (/home3/sojonews/nodevenv/backend.sojonews.com/14/lib/node_modules/express/lib/router/route.js:144:13)
    at exports.isUser (/home3/sojonews/backend.sojonews.com/middlewares/role.js:12:5)
    at Layer.handle [as handle_request] (/home3/sojonews/nodevenv/backend.sojonews.com/14/lib/node_modules/express/lib/router/layer.js:95:5)
    at next (/home3/sojonews/nodevenv/backend.sojonews.com/14/lib/node_modules/express/lib/router/route.js:144:13)
    at complete (/home3/sojonews/nodevenv/backend.sojonews.com/14/lib/node_modules/passport/lib/middleware/authenticate.js:271:13)
    at /home3/sojonews/nodevenv/backend.sojonews.com/14/lib/node_modules/passport/lib/middleware/authenticate.js:278:15
    at pass (/home3/sojonews/nodevenv/backend.sojonews.com/14/lib/node_modules/passport/lib/authenticator.js:428:14)
    at Authenticator.transformAuthInfo (/home3/sojonews/nodevenv/backend.sojonews.com/14/lib/node_modules/passport/lib/authenticator.js:450:5)
(node:592485) UnhandledPromiseRejectionWarning: Unhandled promise rejection. This error originated either by throwing inside of an async function without a catch block, or by rejecting a promise which was not handled with .catch(). To terminate the node process on unhandled promise rejection, use the CLI flag `--unhandled-rejections=strict` (see https://nodejs.org/api/cli.html#cli_unhandled_rejections_mode). (rejection id: 35)
(node:592485) UnhandledPromiseRejectionWarning: TypeError: occupation.trim is not a function
    at exports.completeProfile (/home3/sojonews/backend.sojonews.com/controllers/user/profile.controller.js:34:41)
    at Layer.handle [as handle_request] (/home3/sojonews/nodevenv/backend.sojonews.com/14/lib/node_modules/express/lib/router/layer.js:95:5)
    at next (/home3/sojonews/nodevenv/backend.sojonews.com/14/lib/node_modules/express/lib/router/route.js:144:13)
    at exports.isUser (/home3/sojonews/backend.sojonews.com/middlewares/role.js:12:5)
    at Layer.handle [as handle_request] (/home3/sojonews/nodevenv/backend.sojonews.com/14/lib/node_modules/express/lib/router/layer.js:95:5)
    at next (/home3/sojonews/nodevenv/backend.sojonews.com/14/lib/node_modules/express/lib/router/route.js:144:13)
    at complete (/home3/sojonews/nodevenv/backend.sojonews.com/14/lib/node_modules/passport/lib/middleware/authenticate.js:271:13)
    at /home3/sojonews/nodevenv/backend.sojonews.com/14/lib/node_modules/passport/lib/middleware/authenticate.js:278:15
    at pass (/home3/sojonews/nodevenv/backend.sojonews.com/14/lib/node_modules/passport/lib/authenticator.js:428:14)
    at Authenticator.transformAuthInfo (/home3/sojonews/nodevenv/backend.sojonews.com/14/lib/node_modules/passport/lib/authenticator.js:450:5)
(node:592485) UnhandledPromiseRejectionWarning: Unhandled promise rejection. This error originated either by throwing inside of an async function without a catch block, or by rejecting a promise which was not handled with .catch(). To terminate the node process on unhandled promise rejection, use the CLI flag `--unhandled-rejections=strict` (see https://nodejs.org/api/cli.html#cli_unhandled_rejections_mode). (rejection id: 36)
(node:592485) UnhandledPromiseRejectionWarning: TypeError: occupation.trim is not a function
    at exports.completeProfile (/home3/sojonews/backend.sojonews.com/controllers/user/profile.controller.js:34:41)
    at Layer.handle [as handle_request] (/home3/sojonews/nodevenv/backend.sojonews.com/14/lib/node_modules/express/lib/router/layer.js:95:5)
    at next (/home3/sojonews/nodevenv/backend.sojonews.com/14/lib/node_modules/express/lib/router/route.js:144:13)
    at exports.isUser (/home3/sojonews/backend.sojonews.com/middlewares/role.js:12:5)
    at Layer.handle [as handle_request] (/home3/sojonews/nodevenv/backend.sojonews.com/14/lib/node_modules/express/lib/router/layer.js:95:5)
    at next (/home3/sojonews/nodevenv/backend.sojonews.com/14/lib/node_modules/express/lib/router/route.js:144:13)
    at complete (/home3/sojonews/nodevenv/backend.sojonews.com/14/lib/node_modules/passport/lib/middleware/authenticate.js:271:13)
    at /home3/sojonews/nodevenv/backend.sojonews.com/14/lib/node_modules/passport/lib/middleware/authenticate.js:278:15
    at pass (/home3/sojonews/nodevenv/backend.sojonews.com/14/lib/node_modules/passport/lib/authenticator.js:428:14)
    at Authenticator.transformAuthInfo (/home3/sojonews/nodevenv/backend.sojonews.com/14/lib/node_modules/passport/lib/authenticator.js:450:5)
(node:592485) UnhandledPromiseRejectionWarning: Unhandled promise rejection. This error originated either by throwing inside of an async function without a catch block, or by rejecting a promise which was not handled with .catch(). To terminate the node process on unhandled promise rejection, use the CLI flag `--unhandled-rejections=strict` (see https://nodejs.org/api/cli.html#cli_unhandled_rejections_mode). (rejection id: 37)
(node:592485) UnhandledPromiseRejectionWarning: TypeError: occupation.trim is not a function
    at exports.completeProfile (/home3/sojonews/backend.sojonews.com/controllers/user/profile.controller.js:34:41)
    at Layer.handle [as handle_request] (/home3/sojonews/nodevenv/backend.sojonews.com/14/lib/node_modules/express/lib/router/layer.js:95:5)
    at next (/home3/sojonews/nodevenv/backend.sojonews.com/14/lib/node_modules/express/lib/router/route.js:144:13)
    at exports.isUser (/home3/sojonews/backend.sojonews.com/middlewares/role.js:12:5)
    at Layer.handle [as handle_request] (/home3/sojonews/nodevenv/backend.sojonews.com/14/lib/node_modules/express/lib/router/layer.js:95:5)
    at next (/home3/sojonews/nodevenv/backend.sojonews.com/14/lib/node_modules/express/lib/router/route.js:144:13)
    at complete (/home3/sojonews/nodevenv/backend.sojonews.com/14/lib/node_modules/passport/lib/middleware/authenticate.js:271:13)
    at /home3/sojonews/nodevenv/backend.sojonews.com/14/lib/node_modules/passport/lib/middleware/authenticate.js:278:15
    at pass (/home3/sojonews/nodevenv/backend.sojonews.com/14/lib/node_modules/passport/lib/authenticator.js:428:14)
    at Authenticator.transformAuthInfo (/home3/sojonews/nodevenv/backend.sojonews.com/14/lib/node_modules/passport/lib/authenticator.js:450:5)
(node:592485) UnhandledPromiseRejectionWarning: Unhandled promise rejection. This error originated either by throwing inside of an async function without a catch block, or by rejecting a promise which was not handled with .catch(). To terminate the node process on unhandled promise rejection, use the CLI flag `--unhandled-rejections=strict` (see https://nodejs.org/api/cli.html#cli_unhandled_rejections_mode). (rejection id: 38)
(node:592485) UnhandledPromiseRejectionWarning: TypeError: occupation.trim is not a function
    at exports.completeProfile (/home3/sojonews/backend.sojonews.com/controllers/user/profile.controller.js:34:41)
    at Layer.handle [as handle_request] (/home3/sojonews/nodevenv/backend.sojonews.com/14/lib/node_modules/express/lib/router/layer.js:95:5)
    at next (/home3/sojonews/nodevenv/backend.sojonews.com/14/lib/node_modules/express/lib/router/route.js:144:13)
    at exports.isUser (/home3/sojonews/backend.sojonews.com/middlewares/role.js:12:5)
    at Layer.handle [as handle_request] (/home3/sojonews/nodevenv/backend.sojonews.com/14/lib/node_modules/express/lib/router/layer.js:95:5)
    at next (/home3/sojonews/nodevenv/backend.sojonews.com/14/lib/node_modules/express/lib/router/route.js:144:13)
    at complete (/home3/sojonews/nodevenv/backend.sojonews.com/14/lib/node_modules/passport/lib/middleware/authenticate.js:271:13)
    at /home3/sojonews/nodevenv/backend.sojonews.com/14/lib/node_modules/passport/lib/middleware/authenticate.js:278:15
    at pass (/home3/sojonews/nodevenv/backend.sojonews.com/14/lib/node_modules/passport/lib/authenticator.js:428:14)
    at Authenticator.transformAuthInfo (/home3/sojonews/nodevenv/backend.sojonews.com/14/lib/node_modules/passport/lib/authenticator.js:450:5)
(node:592485) UnhandledPromiseRejectionWarning: Unhandled promise rejection. This error originated either by throwing inside of an async function without a catch block, or by rejecting a promise which was not handled with .catch(). To terminate the node process on unhandled promise rejection, use the CLI flag `--unhandled-rejections=strict` (see https://nodejs.org/api/cli.html#cli_unhandled_rejections_mode). (rejection id: 39)
(node:592485) UnhandledPromiseRejectionWarning: TypeError: occupation.trim is not a function
    at exports.completeProfile (/home3/sojonews/backend.sojonews.com/controllers/user/profile.controller.js:34:41)
    at Layer.handle [as handle_request] (/home3/sojonews/nodevenv/backend.sojonews.com/14/lib/node_modules/express/lib/router/layer.js:95:5)
    at next (/home3/sojonews/nodevenv/backend.sojonews.com/14/lib/node_modules/express/lib/router/route.js:144:13)
    at exports.isUser (/home3/sojonews/backend.sojonews.com/middlewares/role.js:12:5)
    at Layer.handle [as handle_request] (/home3/sojonews/nodevenv/backend.sojonews.com/14/lib/node_modules/express/lib/router/layer.js:95:5)
    at next (/home3/sojonews/nodevenv/backend.sojonews.com/14/lib/node_modules/express/lib/router/route.js:144:13)
    at complete (/home3/sojonews/nodevenv/backend.sojonews.com/14/lib/node_modules/passport/lib/middleware/authenticate.js:271:13)
    at /home3/sojonews/nodevenv/backend.sojonews.com/14/lib/node_modules/passport/lib/middleware/authenticate.js:278:15
    at pass (/home3/sojonews/nodevenv/backend.sojonews.com/14/lib/node_modules/passport/lib/authenticator.js:428:14)
    at Authenticator.transformAuthInfo (/home3/sojonews/nodevenv/backend.sojonews.com/14/lib/node_modules/passport/lib/authenticator.js:450:5)
(node:592485) UnhandledPromiseRejectionWarning: Unhandled promise rejection. This error originated either by throwing inside of an async function without a catch block, or by rejecting a promise which was not handled with .catch(). To terminate the node process on unhandled promise rejection, use the CLI flag `--unhandled-rejections=strict` (see https://nodejs.org/api/cli.html#cli_unhandled_rejections_mode). (rejection id: 40)
(node:592485) UnhandledPromiseRejectionWarning: TypeError: occupation.trim is not a function
    at exports.completeProfile (/home3/sojonews/backend.sojonews.com/controllers/user/profile.controller.js:34:41)
    at Layer.handle [as handle_request] (/home3/sojonews/nodevenv/backend.sojonews.com/14/lib/node_modules/express/lib/router/layer.js:95:5)
    at next (/home3/sojonews/nodevenv/backend.sojonews.com/14/lib/node_modules/express/lib/router/route.js:144:13)
    at exports.isUser (/home3/sojonews/backend.sojonews.com/middlewares/role.js:12:5)
    at Layer.handle [as handle_request] (/home3/sojonews/nodevenv/backend.sojonews.com/14/lib/node_modules/express/lib/router/layer.js:95:5)
    at next (/home3/sojonews/nodevenv/backend.sojonews.com/14/lib/node_modules/express/lib/router/route.js:144:13)
    at complete (/home3/sojonews/nodevenv/backend.sojonews.com/14/lib/node_modules/passport/lib/middleware/authenticate.js:271:13)
    at /home3/sojonews/nodevenv/backend.sojonews.com/14/lib/node_modules/passport/lib/middleware/authenticate.js:278:15
    at pass (/home3/sojonews/nodevenv/backend.sojonews.com/14/lib/node_modules/passport/lib/authenticator.js:428:14)
    at Authenticator.transformAuthInfo (/home3/sojonews/nodevenv/backend.sojonews.com/14/lib/node_modules/passport/lib/authenticator.js:450:5)
(node:592485) UnhandledPromiseRejectionWarning: Unhandled promise rejection. This error originated either by throwing inside of an async function without a catch block, or by rejecting a promise which was not handled with .catch(). To terminate the node process on unhandled promise rejection, use the CLI flag `--unhandled-rejections=strict` (see https://nodejs.org/api/cli.html#cli_unhandled_rejections_mode). (rejection id: 41)
(node:592485) UnhandledPromiseRejectionWarning: TypeError: occupation.trim is not a function
    at exports.completeProfile (/home3/sojonews/backend.sojonews.com/controllers/user/profile.controller.js:34:41)
    at Layer.handle [as handle_request] (/home3/sojonews/nodevenv/backend.sojonews.com/14/lib/node_modules/express/lib/router/layer.js:95:5)
    at next (/home3/sojonews/nodevenv/backend.sojonews.com/14/lib/node_modules/express/lib/router/route.js:144:13)
    at exports.isUser (/home3/sojonews/backend.sojonews.com/middlewares/role.js:12:5)
    at Layer.handle [as handle_request] (/home3/sojonews/nodevenv/backend.sojonews.com/14/lib/node_modules/express/lib/router/layer.js:95:5)
    at next (/home3/sojonews/nodevenv/backend.sojonews.com/14/lib/node_modules/express/lib/router/route.js:144:13)
    at complete (/home3/sojonews/nodevenv/backend.sojonews.com/14/lib/node_modules/passport/lib/middleware/authenticate.js:271:13)
    at /home3/sojonews/nodevenv/backend.sojonews.com/14/lib/node_modules/passport/lib/middleware/authenticate.js:278:15
    at pass (/home3/sojonews/nodevenv/backend.sojonews.com/14/lib/node_modules/passport/lib/authenticator.js:428:14)
    at Authenticator.transformAuthInfo (/home3/sojonews/nodevenv/backend.sojonews.com/14/lib/node_modules/passport/lib/authenticator.js:450:5)
(node:592485) UnhandledPromiseRejectionWarning: Unhandled promise rejection. This error originated either by throwing inside of an async function without a catch block, or by rejecting a promise which was not handled with .catch(). To terminate the node process on unhandled promise rejection, use the CLI flag `--unhandled-rejections=strict` (see https://nodejs.org/api/cli.html#cli_unhandled_rejections_mode). (rejection id: 42)
(node:592485) UnhandledPromiseRejectionWarning: TypeError: occupation.trim is not a function
    at exports.completeProfile (/home3/sojonews/backend.sojonews.com/controllers/user/profile.controller.js:34:41)
    at Layer.handle [as handle_request] (/home3/sojonews/nodevenv/backend.sojonews.com/14/lib/node_modules/express/lib/router/layer.js:95:5)
    at next (/home3/sojonews/nodevenv/backend.sojonews.com/14/lib/node_modules/express/lib/router/route.js:144:13)
    at exports.isUser (/home3/sojonews/backend.sojonews.com/middlewares/role.js:12:5)
    at Layer.handle [as handle_request] (/home3/sojonews/nodevenv/backend.sojonews.com/14/lib/node_modules/express/lib/router/layer.js:95:5)
    at next (/home3/sojonews/nodevenv/backend.sojonews.com/14/lib/node_modules/express/lib/router/route.js:144:13)
    at complete (/home3/sojonews/nodevenv/backend.sojonews.com/14/lib/node_modules/passport/lib/middleware/authenticate.js:271:13)
    at /home3/sojonews/nodevenv/backend.sojonews.com/14/lib/node_modules/passport/lib/middleware/authenticate.js:278:15
    at pass (/home3/sojonews/nodevenv/backend.sojonews.com/14/lib/node_modules/passport/lib/authenticator.js:428:14)
    at Authenticator.transformAuthInfo (/home3/sojonews/nodevenv/backend.sojonews.com/14/lib/node_modules/passport/lib/authenticator.js:450:5)
(node:592485) UnhandledPromiseRejectionWarning: Unhandled promise rejection. This error originated either by throwing inside of an async function without a catch block, or by rejecting a promise which was not handled with .catch(). To terminate the node process on unhandled promise rejection, use the CLI flag `--unhandled-rejections=strict` (see https://nodejs.org/api/cli.html#cli_unhandled_rejections_mode). (rejection id: 43)
(node:592485) UnhandledPromiseRejectionWarning: TypeError: occupation.trim is not a function
    at exports.completeProfile (/home3/sojonews/backend.sojonews.com/controllers/user/profile.controller.js:34:41)
    at Layer.handle [as handle_request] (/home3/sojonews/nodevenv/backend.sojonews.com/14/lib/node_modules/express/lib/router/layer.js:95:5)
    at next (/home3/sojonews/nodevenv/backend.sojonews.com/14/lib/node_modules/express/lib/router/route.js:144:13)
    at exports.isUser (/home3/sojonews/backend.sojonews.com/middlewares/role.js:12:5)
    at Layer.handle [as handle_request] (/home3/sojonews/nodevenv/backend.sojonews.com/14/lib/node_modules/express/lib/router/layer.js:95:5)
    at next (/home3/sojonews/nodevenv/backend.sojonews.com/14/lib/node_modules/express/lib/router/route.js:144:13)
    at complete (/home3/sojonews/nodevenv/backend.sojonews.com/14/lib/node_modules/passport/lib/middleware/authenticate.js:271:13)
    at /home3/sojonews/nodevenv/backend.sojonews.com/14/lib/node_modules/passport/lib/middleware/authenticate.js:278:15
    at pass (/home3/sojonews/nodevenv/backend.sojonews.com/14/lib/node_modules/passport/lib/authenticator.js:428:14)
    at Authenticator.transformAuthInfo (/home3/sojonews/nodevenv/backend.sojonews.com/14/lib/node_modules/passport/lib/authenticator.js:450:5)
(node:592485) UnhandledPromiseRejectionWarning: Unhandled promise rejection. This error originated either by throwing inside of an async function without a catch block, or by rejecting a promise which was not handled with .catch(). To terminate the node process on unhandled promise rejection, use the CLI flag `--unhandled-rejections=strict` (see https://nodejs.org/api/cli.html#cli_unhandled_rejections_mode). (rejection id: 44)
(node:592485) UnhandledPromiseRejectionWarning: TypeError: occupation.trim is not a function
    at exports.completeProfile (/home3/sojonews/backend.sojonews.com/controllers/user/profile.controller.js:34:41)
    at Layer.handle [as handle_request] (/home3/sojonews/nodevenv/backend.sojonews.com/14/lib/node_modules/express/lib/router/layer.js:95:5)
    at next (/home3/sojonews/nodevenv/backend.sojonews.com/14/lib/node_modules/express/lib/router/route.js:144:13)
    at exports.isUser (/home3/sojonews/backend.sojonews.com/middlewares/role.js:12:5)
    at Layer.handle [as handle_request] (/home3/sojonews/nodevenv/backend.sojonews.com/14/lib/node_modules/express/lib/router/layer.js:95:5)
    at next (/home3/sojonews/nodevenv/backend.sojonews.com/14/lib/node_modules/express/lib/router/route.js:144:13)
    at complete (/home3/sojonews/nodevenv/backend.sojonews.com/14/lib/node_modules/passport/lib/middleware/authenticate.js:271:13)
    at /home3/sojonews/nodevenv/backend.sojonews.com/14/lib/node_modules/passport/lib/middleware/authenticate.js:278:15
    at pass (/home3/sojonews/nodevenv/backend.sojonews.com/14/lib/node_modules/passport/lib/authenticator.js:428:14)
    at Authenticator.transformAuthInfo (/home3/sojonews/nodevenv/backend.sojonews.com/14/lib/node_modules/passport/lib/authenticator.js:450:5)
(node:592485) UnhandledPromiseRejectionWarning: Unhandled promise rejection. This error originated either by throwing inside of an async function without a catch block, or by rejecting a promise which was not handled with .catch(). To terminate the node process on unhandled promise rejection, use the CLI flag `--unhandled-rejections=strict` (see https://nodejs.org/api/cli.html#cli_unhandled_rejections_mode). (rejection id: 45)
(node:592485) UnhandledPromiseRejectionWarning: TypeError: occupation.trim is not a function
    at exports.completeProfile (/home3/sojonews/backend.sojonews.com/controllers/user/profile.controller.js:34:41)
    at Layer.handle [as handle_request] (/home3/sojonews/nodevenv/backend.sojonews.com/14/lib/node_modules/express/lib/router/layer.js:95:5)
    at next (/home3/sojonews/nodevenv/backend.sojonews.com/14/lib/node_modules/express/lib/router/route.js:144:13)
    at exports.isUser (/home3/sojonews/backend.sojonews.com/middlewares/role.js:12:5)
    at Layer.handle [as handle_request] (/home3/sojonews/nodevenv/backend.sojonews.com/14/lib/node_modules/express/lib/router/layer.js:95:5)
    at next (/home3/sojonews/nodevenv/backend.sojonews.com/14/lib/node_modules/express/lib/router/route.js:144:13)
    at complete (/home3/sojonews/nodevenv/backend.sojonews.com/14/lib/node_modules/passport/lib/middleware/authenticate.js:271:13)
    at /home3/sojonews/nodevenv/backend.sojonews.com/14/lib/node_modules/passport/lib/middleware/authenticate.js:278:15
    at pass (/home3/sojonews/nodevenv/backend.sojonews.com/14/lib/node_modules/passport/lib/authenticator.js:428:14)
    at Authenticator.transformAuthInfo (/home3/sojonews/nodevenv/backend.sojonews.com/14/lib/node_modules/passport/lib/authenticator.js:450:5)
(node:592485) UnhandledPromiseRejectionWarning: Unhandled promise rejection. This error originated either by throwing inside of an async function without a catch block, or by rejecting a promise which was not handled with .catch(). To terminate the node process on unhandled promise rejection, use the CLI flag `--unhandled-rejections=strict` (see https://nodejs.org/api/cli.html#cli_unhandled_rejections_mode). (rejection id: 46)
(node:592485) UnhandledPromiseRejectionWarning: TypeError: occupation.trim is not a function
    at exports.completeProfile (/home3/sojonews/backend.sojonews.com/controllers/user/profile.controller.js:34:41)
    at Layer.handle [as handle_request] (/home3/sojonews/nodevenv/backend.sojonews.com/14/lib/node_modules/express/lib/router/layer.js:95:5)
    at next (/home3/sojonews/nodevenv/backend.sojonews.com/14/lib/node_modules/express/lib/router/route.js:144:13)
    at exports.isUser (/home3/sojonews/backend.sojonews.com/middlewares/role.js:12:5)
    at Layer.handle [as handle_request] (/home3/sojonews/nodevenv/backend.sojonews.com/14/lib/node_modules/express/lib/router/layer.js:95:5)
    at next (/home3/sojonews/nodevenv/backend.sojonews.com/14/lib/node_modules/express/lib/router/route.js:144:13)
    at complete (/home3/sojonews/nodevenv/backend.sojonews.com/14/lib/node_modules/passport/lib/middleware/authenticate.js:271:13)
    at /home3/sojonews/nodevenv/backend.sojonews.com/14/lib/node_modules/passport/lib/middleware/authenticate.js:278:15
    at pass (/home3/sojonews/nodevenv/backend.sojonews.com/14/lib/node_modules/passport/lib/authenticator.js:428:14)
    at Authenticator.transformAuthInfo (/home3/sojonews/nodevenv/backend.sojonews.com/14/lib/node_modules/passport/lib/authenticator.js:450:5)
(node:592485) UnhandledPromiseRejectionWarning: Unhandled promise rejection. This error originated either by throwing inside of an async function without a catch block, or by rejecting a promise which was not handled with .catch(). To terminate the node process on unhandled promise rejection, use the CLI flag `--unhandled-rejections=strict` (see https://nodejs.org/api/cli.html#cli_unhandled_rejections_mode). (rejection id: 47)
(node:592485) UnhandledPromiseRejectionWarning: TypeError: occupation.trim is not a function
    at exports.completeProfile (/home3/sojonews/backend.sojonews.com/controllers/user/profile.controller.js:34:41)
    at Layer.handle [as handle_request] (/home3/sojonews/nodevenv/backend.sojonews.com/14/lib/node_modules/express/lib/router/layer.js:95:5)
    at next (/home3/sojonews/nodevenv/backend.sojonews.com/14/lib/node_modules/express/lib/router/route.js:144:13)
    at exports.isUser (/home3/sojonews/backend.sojonews.com/middlewares/role.js:12:5)
    at Layer.handle [as handle_request] (/home3/sojonews/nodevenv/backend.sojonews.com/14/lib/node_modules/express/lib/router/layer.js:95:5)
    at next (/home3/sojonews/nodevenv/backend.sojonews.com/14/lib/node_modules/express/lib/router/route.js:144:13)
    at complete (/home3/sojonews/nodevenv/backend.sojonews.com/14/lib/node_modules/passport/lib/middleware/authenticate.js:271:13)
    at /home3/sojonews/nodevenv/backend.sojonews.com/14/lib/node_modules/passport/lib/middleware/authenticate.js:278:15
    at pass (/home3/sojonews/nodevenv/backend.sojonews.com/14/lib/node_modules/passport/lib/authenticator.js:428:14)
    at Authenticator.transformAuthInfo (/home3/sojonews/nodevenv/backend.sojonews.com/14/lib/node_modules/passport/lib/authenticator.js:450:5)
(node:592485) UnhandledPromiseRejectionWarning: Unhandled promise rejection. This error originated either by throwing inside of an async function without a catch block, or by rejecting a promise which was not handled with .catch(). To terminate the node process on unhandled promise rejection, use the CLI flag `--unhandled-rejections=strict` (see https://nodejs.org/api/cli.html#cli_unhandled_rejections_mode). (rejection id: 48)
(node:592485) UnhandledPromiseRejectionWarning: TypeError: occupation.trim is not a function
    at exports.completeProfile (/home3/sojonews/backend.sojonews.com/controllers/user/profile.controller.js:34:41)
    at Layer.handle [as handle_request] (/home3/sojonews/nodevenv/backend.sojonews.com/14/lib/node_modules/express/lib/router/layer.js:95:5)
    at next (/home3/sojonews/nodevenv/backend.sojonews.com/14/lib/node_modules/express/lib/router/route.js:144:13)
    at exports.isUser (/home3/sojonews/backend.sojonews.com/middlewares/role.js:12:5)
    at Layer.handle [as handle_request] (/home3/sojonews/nodevenv/backend.sojonews.com/14/lib/node_modules/express/lib/router/layer.js:95:5)
    at next (/home3/sojonews/nodevenv/backend.sojonews.com/14/lib/node_modules/express/lib/router/route.js:144:13)
    at complete (/home3/sojonews/nodevenv/backend.sojonews.com/14/lib/node_modules/passport/lib/middleware/authenticate.js:271:13)
    at /home3/sojonews/nodevenv/backend.sojonews.com/14/lib/node_modules/passport/lib/middleware/authenticate.js:278:15
    at pass (/home3/sojonews/nodevenv/backend.sojonews.com/14/lib/node_modules/passport/lib/authenticator.js:428:14)
    at Authenticator.transformAuthInfo (/home3/sojonews/nodevenv/backend.sojonews.com/14/lib/node_modules/passport/lib/authenticator.js:450:5)
(node:592485) UnhandledPromiseRejectionWarning: Unhandled promise rejection. This error originated either by throwing inside of an async function without a catch block, or by rejecting a promise which was not handled with .catch(). To terminate the node process on unhandled promise rejection, use the CLI flag `--unhandled-rejections=strict` (see https://nodejs.org/api/cli.html#cli_unhandled_rejections_mode). (rejection id: 49)
(node:592485) UnhandledPromiseRejectionWarning: TypeError: occupation.trim is not a function
    at exports.completeProfile (/home3/sojonews/backend.sojonews.com/controllers/user/profile.controller.js:34:41)
    at Layer.handle [as handle_request] (/home3/sojonews/nodevenv/backend.sojonews.com/14/lib/node_modules/express/lib/router/layer.js:95:5)
    at next (/home3/sojonews/nodevenv/backend.sojonews.com/14/lib/node_modules/express/lib/router/route.js:144:13)
    at exports.isUser (/home3/sojonews/backend.sojonews.com/middlewares/role.js:12:5)
    at Layer.handle [as handle_request] (/home3/sojonews/nodevenv/backend.sojonews.com/14/lib/node_modules/express/lib/router/layer.js:95:5)
    at next (/home3/sojonews/nodevenv/backend.sojonews.com/14/lib/node_modules/express/lib/router/route.js:144:13)
    at complete (/home3/sojonews/nodevenv/backend.sojonews.com/14/lib/node_modules/passport/lib/middleware/authenticate.js:271:13)
    at /home3/sojonews/nodevenv/backend.sojonews.com/14/lib/node_modules/passport/lib/middleware/authenticate.js:278:15
    at pass (/home3/sojonews/nodevenv/backend.sojonews.com/14/lib/node_modules/passport/lib/authenticator.js:428:14)
    at Authenticator.transformAuthInfo (/home3/sojonews/nodevenv/backend.sojonews.com/14/lib/node_modules/passport/lib/authenticator.js:450:5)
(node:592485) UnhandledPromiseRejectionWarning: Unhandled promise rejection. This error originated either by throwing inside of an async function without a catch block, or by rejecting a promise which was not handled with .catch(). To terminate the node process on unhandled promise rejection, use the CLI flag `--unhandled-rejections=strict` (see https://nodejs.org/api/cli.html#cli_unhandled_rejections_mode). (rejection id: 50)
(node:592485) UnhandledPromiseRejectionWarning: TypeError: occupation.trim is not a function
    at exports.completeProfile (/home3/sojonews/backend.sojonews.com/controllers/user/profile.controller.js:34:41)
    at Layer.handle [as handle_request] (/home3/sojonews/nodevenv/backend.sojonews.com/14/lib/node_modules/express/lib/router/layer.js:95:5)
    at next (/home3/sojonews/nodevenv/backend.sojonews.com/14/lib/node_modules/express/lib/router/route.js:144:13)
    at exports.isUser (/home3/sojonews/backend.sojonews.com/middlewares/role.js:12:5)
    at Layer.handle [as handle_request] (/home3/sojonews/nodevenv/backend.sojonews.com/14/lib/node_modules/express/lib/router/layer.js:95:5)
    at next (/home3/sojonews/nodevenv/backend.sojonews.com/14/lib/node_modules/express/lib/router/route.js:144:13)
    at complete (/home3/sojonews/nodevenv/backend.sojonews.com/14/lib/node_modules/passport/lib/middleware/authenticate.js:271:13)
    at /home3/sojonews/nodevenv/backend.sojonews.com/14/lib/node_modules/passport/lib/middleware/authenticate.js:278:15
    at pass (/home3/sojonews/nodevenv/backend.sojonews.com/14/lib/node_modules/passport/lib/authenticator.js:428:14)
    at Authenticator.transformAuthInfo (/home3/sojonews/nodevenv/backend.sojonews.com/14/lib/node_modules/passport/lib/authenticator.js:450:5)
(node:592485) UnhandledPromiseRejectionWarning: Unhandled promise rejection. This error originated either by throwing inside of an async function without a catch block, or by rejecting a promise which was not handled with .catch(). To terminate the node process on unhandled promise rejection, use the CLI flag `--unhandled-rejections=strict` (see https://nodejs.org/api/cli.html#cli_unhandled_rejections_mode). (rejection id: 51)
(node:592485) UnhandledPromiseRejectionWarning: TypeError: occupation.trim is not a function
    at exports.completeProfile (/home3/sojonews/backend.sojonews.com/controllers/user/profile.controller.js:34:41)
    at Layer.handle [as handle_request] (/home3/sojonews/nodevenv/backend.sojonews.com/14/lib/node_modules/express/lib/router/layer.js:95:5)
    at next (/home3/sojonews/nodevenv/backend.sojonews.com/14/lib/node_modules/express/lib/router/route.js:144:13)
    at exports.isUser (/home3/sojonews/backend.sojonews.com/middlewares/role.js:12:5)
    at Layer.handle [as handle_request] (/home3/sojonews/nodevenv/backend.sojonews.com/14/lib/node_modules/express/lib/router/layer.js:95:5)
    at next (/home3/sojonews/nodevenv/backend.sojonews.com/14/lib/node_modules/express/lib/router/route.js:144:13)
    at complete (/home3/sojonews/nodevenv/backend.sojonews.com/14/lib/node_modules/passport/lib/middleware/authenticate.js:271:13)
    at /home3/sojonews/nodevenv/backend.sojonews.com/14/lib/node_modules/passport/lib/middleware/authenticate.js:278:15
    at pass (/home3/sojonews/nodevenv/backend.sojonews.com/14/lib/node_modules/passport/lib/authenticator.js:428:14)
    at Authenticator.transformAuthInfo (/home3/sojonews/nodevenv/backend.sojonews.com/14/lib/node_modules/passport/lib/authenticator.js:450:5)
(node:592485) UnhandledPromiseRejectionWarning: Unhandled promise rejection. This error originated either by throwing inside of an async function without a catch block, or by rejecting a promise which was not handled with .catch(). To terminate the node process on unhandled promise rejection, use the CLI flag `--unhandled-rejections=strict` (see https://nodejs.org/api/cli.html#cli_unhandled_rejections_mode). (rejection id: 52)
